2025-04-23 16:46:05,069 NanoPlot 1.44.1 started with arguments Namespace(threads=4, verbose=True, store=False, raw=False, huge=False, outdir='output/Cymbopogon_Citrus_Qiagen_matk_rbcL_psbA-trnH_ITS_barcode10', no_static=False, prefix='', tsv_stats=False, only_report=False, info_in_report=False, maxlength=None, minlength=None, drop_outliers=False, downsample=None, loglength=True, percentqual=False, alength=False, minqual=None, runtime_until=None, readtype='1D', barcoded=False, no_supplementary=False, color='#4CB391', colormap='Greens', format=['png'], plots=['kde'], legacy=None, listcolors=False, listcolormaps=False, no_N50=False, N50=True, title=None, font_scale=1, dpi=100, hide_stats=False, fastq=['data/flongle_fulvia_expedition/Begonia_Masoniana_Qiagen_matk_rbcL_psbA-trnH_ITS_barcode8/Begonia_Masoniana_Qiagen_matk_rbcL_psbA-trnH_ITS_barcode8.fastq'], fasta=None, fastq_rich=None, fastq_minimal=None, summary=None, bam=None, ubam=None, cram=None, pickle=None, feather=None, path='output/Cymbopogon_Citrus_Qiagen_matk_rbcL_psbA-trnH_ITS_barcode10/')
2025-04-23 16:46:05,070 Python version is: 3.12.10 | packaged by conda-forge | (main, Apr 10 2025, 22:19:24) [Clang 18.1.8 ]
2025-04-23 16:46:06,431 Nanoget: Gathered all metrics of 3872 reads
2025-04-23 16:46:06,440 Calculated statistics
2025-04-23 16:46:06,441 Using sequenced read lengths for plotting.
2025-04-23 16:46:06,441 Using log10 scaled read lengths.
2025-04-23 16:46:06,443 NanoPlot:  Valid color #4CB391.
2025-04-23 16:46:06,443 NanoPlot:  Valid colormap Greens.
2025-04-23 16:46:06,444 NanoPlot:  Creating length plots for Read length.
2025-04-23 16:46:06,444 NanoPlot: Using 3872 reads with read length N50 of 523bp and maximum of 1195bp.
2025-04-23 16:46:07,980 Saved output/Cymbopogon_Citrus_Qiagen_matk_rbcL_psbA-trnH_ITS_barcode10/WeightedHistogramReadlength  as png (or png for --legacy)
2025-04-23 16:46:08,650 Saved output/Cymbopogon_Citrus_Qiagen_matk_rbcL_psbA-trnH_ITS_barcode10/WeightedLogTransformed_HistogramReadlength  as png (or png for --legacy)
2025-04-23 16:46:09,338 Saved output/Cymbopogon_Citrus_Qiagen_matk_rbcL_psbA-trnH_ITS_barcode10/Non_weightedHistogramReadlength  as png (or png for --legacy)
2025-04-23 16:46:10,117 Saved output/Cymbopogon_Citrus_Qiagen_matk_rbcL_psbA-trnH_ITS_barcode10/Non_weightedLogTransformed_HistogramReadlength  as png (or png for --legacy)
2025-04-23 16:46:10,118 NanoPlot: Creating yield by minimal length plot for Read length.
2025-04-23 16:46:12,735 Saved output/Cymbopogon_Citrus_Qiagen_matk_rbcL_psbA-trnH_ITS_barcode10/Yield_By_Length  as png (or png for --legacy)
2025-04-23 16:46:12,737 Created length plots
2025-04-23 16:46:12,741 NanoPlot: Creating Read lengths vs Average read quality plots using 3872 reads.
2025-04-23 16:46:13,500 Saved output/Cymbopogon_Citrus_Qiagen_matk_rbcL_psbA-trnH_ITS_barcode10/LengthvsQualityScatterPlot_kde  as png (or png for --legacy)
2025-04-23 16:46:13,502 NanoPlot: Creating Read lengths vs Average read quality plots using 3872 reads.
2025-04-23 16:46:14,215 Saved output/Cymbopogon_Citrus_Qiagen_matk_rbcL_psbA-trnH_ITS_barcode10/LengthvsQualityScatterPlot_loglength_kde  as png (or png for --legacy)
2025-04-23 16:46:14,216 Created LengthvsQual plot
2025-04-23 16:46:14,216 Writing html report.
2025-04-23 16:46:14,229 Finished!
